[debug] [2022-07-11T06:34:39.622Z] ----------------------------------------------------------------------
[debug] [2022-07-11T06:34:39.624Z] Command:       /usr/local/bin/firebase /home/zubair/.cache/firebase/tools/lib/node_modules/firebase-tools/lib/bin/firebase deploy
[debug] [2022-07-11T06:34:39.624Z] CLI Version:   11.1.0
[debug] [2022-07-11T06:34:39.624Z] Platform:      linux
[debug] [2022-07-11T06:34:39.624Z] Node Version:  v16.15.0
[debug] [2022-07-11T06:34:39.630Z] Time:          Mon Jul 11 2022 11:34:39 GMT+0500 (Pakistan Standard Time)
[debug] [2022-07-11T06:34:39.630Z] ----------------------------------------------------------------------
[debug] 
[debug] [2022-07-11T06:34:39.633Z] >>> [apiv2][query] GET https://firebase-public.firebaseio.com/cli.json [none]
[debug] [2022-07-11T06:34:39.707Z] > command requires scopes: ["email","openid","https://www.googleapis.com/auth/cloudplatformprojects.readonly","https://www.googleapis.com/auth/firebase","https://www.googleapis.com/auth/cloud-platform"]
[debug] [2022-07-11T06:34:39.708Z] > authorizing via signed-in user (zubairkamboh9010@gmail.com)
[debug] [2022-07-11T06:34:39.708Z] [iam] checking project taxi-booking-service-app for permissions ["firebase.projects.get","firebasehosting.sites.update"]
[debug] [2022-07-11T06:34:39.709Z] > refreshing access token with scopes: []
[debug] [2022-07-11T06:34:39.710Z] >>> [apiv2][query] POST https://www.googleapis.com/oauth2/v3/token [none]
[debug] [2022-07-11T06:34:39.710Z] >>> [apiv2][body] POST https://www.googleapis.com/oauth2/v3/token [omitted]
[debug] [2022-07-11T06:34:41.569Z] <<< [apiv2][status] GET https://firebase-public.firebaseio.com/cli.json 200
[debug] [2022-07-11T06:34:41.570Z] <<< [apiv2][body] GET https://firebase-public.firebaseio.com/cli.json {"cloudBuildErrorAfter":1594252800000,"cloudBuildWarnAfter":1590019200000,"defaultNode10After":1594252800000,"minVersion":"3.0.5","node8DeploysDisabledAfter":1613390400000,"node8RuntimeDisabledAfter":1615809600000,"node8WarnAfter":1600128000000}
[debug] [2022-07-11T06:34:41.649Z] <<< [apiv2][status] POST https://www.googleapis.com/oauth2/v3/token 400
[debug] [2022-07-11T06:34:41.650Z] <<< [apiv2][body] POST https://www.googleapis.com/oauth2/v3/token [omitted]
[debug] [2022-07-11T06:34:41.651Z] >>> [apiv2][query] POST https://cloudresourcemanager.googleapis.com/v1/projects/taxi-booking-service-app:testIamPermissions [none]
[debug] [2022-07-11T06:34:41.651Z] >>> [apiv2][body] POST https://cloudresourcemanager.googleapis.com/v1/projects/taxi-booking-service-app:testIamPermissions {"permissions":["firebase.projects.get","firebasehosting.sites.update"]}
[debug] [2022-07-11T06:34:44.307Z] <<< [apiv2][status] POST https://cloudresourcemanager.googleapis.com/v1/projects/taxi-booking-service-app:testIamPermissions 401
[debug] [2022-07-11T06:34:44.308Z] <<< [apiv2][body] POST https://cloudresourcemanager.googleapis.com/v1/projects/taxi-booking-service-app:testIamPermissions {"error":{"code":401,"message":"Request had invalid authentication credentials. Expected OAuth 2 access token, login cookie or other valid authentication credential. See https://developers.google.com/identity/sign-in/web/devconsole-project.","status":"UNAUTHENTICATED","details":[{"@type":"type.googleapis.com/google.rpc.ErrorInfo","reason":"ACCESS_TOKEN_TYPE_UNSUPPORTED","metadata":{"method":"google.cloudresourcemanager.v1.Projects.TestIamPermissions","service":"cloudresourcemanager.googleapis.com"}}]}}
[debug] [2022-07-11T06:34:44.311Z] [iam] error while checking permissions, command may fail: FirebaseError: HTTP Error: 401, Request had invalid authentication credentials. Expected OAuth 2 access token, login cookie or other valid authentication credential. See https://developers.google.com/identity/sign-in/web/devconsole-project.
[debug] [2022-07-11T06:34:44.313Z] > refreshing access token with scopes: []
[debug] [2022-07-11T06:34:44.314Z] >>> [apiv2][query] POST https://www.googleapis.com/oauth2/v3/token [none]
[debug] [2022-07-11T06:34:44.314Z] >>> [apiv2][body] POST https://www.googleapis.com/oauth2/v3/token [omitted]
[debug] [2022-07-11T06:34:46.881Z] <<< [apiv2][status] POST https://www.googleapis.com/oauth2/v3/token 400
[debug] [2022-07-11T06:34:46.881Z] <<< [apiv2][body] POST https://www.googleapis.com/oauth2/v3/token [omitted]
[debug] [2022-07-11T06:34:46.884Z] >>> [apiv2][query] GET https://firebase.googleapis.com/v1beta1/projects/taxi-booking-service-app [none]
[debug] [2022-07-11T06:34:53.820Z] <<< [apiv2][status] GET https://firebase.googleapis.com/v1beta1/projects/taxi-booking-service-app 401
[debug] [2022-07-11T06:34:53.821Z] <<< [apiv2][body] GET https://firebase.googleapis.com/v1beta1/projects/taxi-booking-service-app {"error":{"code":401,"message":"Request had invalid authentication credentials. Expected OAuth 2 access token, login cookie or other valid authentication credential. See https://developers.google.com/identity/sign-in/web/devconsole-project.","status":"UNAUTHENTICATED"}}
[debug] [2022-07-11T06:34:53.821Z] HTTP Error: 401, Request had invalid authentication credentials. Expected OAuth 2 access token, login cookie or other valid authentication credential. See https://developers.google.com/identity/sign-in/web/devconsole-project.
[debug] [2022-07-11T06:35:00.366Z] FirebaseError: HTTP Error: 401, Request had invalid authentication credentials. Expected OAuth 2 access token, login cookie or other valid authentication credential. See https://developers.google.com/identity/sign-in/web/devconsole-project.
    at responseToError (/home/zubair/.cache/firebase/tools/lib/node_modules/firebase-tools/lib/responseToError.js:49:12)
    at RetryOperation._fn (/home/zubair/.cache/firebase/tools/lib/node_modules/firebase-tools/lib/apiv2.js:287:77)
    at processTicksAndRejections (node:internal/process/task_queues:96:5)
[error] 
[error] Error: Failed to get Firebase project taxi-booking-service-app. Please make sure the project exists and your account has permission to access it.
